#
# A fatal error has been detected by the Java Runtime Environment:
#
#  SIGSEGV (0xb) at pc=0x00007fff8d8884d7, pid=946, tid=42279
#
# JRE version: Java(TM) SE Runtime Environment (8.0_20-b26) (build 1.8.0_20-b26)
# Java VM: Java HotSpot(TM) 64-Bit Server VM (25.20-b23 mixed mode bsd-amd64 compressed oops)
# Problematic frame:
# C  [libobjc.A.dylib+0x14d7]  objc_msgSend+0x17
#
# Failed to write core dump. Core dumps have been disabled. To enable core dumping, try "ulimit -c unlimited" before starting Java again
#
# If you would like to submit a bug report, please visit:
#   http://bugreport.sun.com/bugreport/crash.jsp
# The crash happened outside the Java Virtual Machine in native code.
# See problematic frame for where to report the bug.
#

---------------  T H R E A D  ---------------

Current thread (0x00007fcf432cc000):  JavaThread "Java2D Queue Flusher" daemon [_thread_in_native, id=42279, stack(0x00007000013dc000,0x00007000014dc000)]

siginfo: si_signo: 11 (SIGSEGV), si_code: 0 (unknown), si_addr: 0x0000000000000000

Registers:
RAX=0x00007fcf433c0000, RBX=0x00007fcf432cc1e8, RCX=0x00007fcf433c0040, RDX=0x00000001190e9ad0
RSP=0x00007000014db728, RBP=0x00007000014db750, RSI=0x00007fff9cc49bfa, RDI=0xd000000000000000
R8 =0x0000000000000065, R9 =0x00007fcf42cb4a40, R10=0x000000010455b9b8, R11=0x00007ffffffffff8
R12=0x00007fcf433c0038, R13=0x00007000014db8e8, R14=0x00007fcf42e78250, R15=0x00007fcf42e68310
RIP=0x00007fff8d8884d7, EFLAGS=0x0000000000010246, ERR=0x0000000000000000
  TRAPNO=0x000000000000000d

Top of Stack: (sp=0x00007000014db728)
0x00007000014db728:   00000001190c94ea 00007fcf42e78230
0x00007000014db738:   0000000000000000 00007fcf43877c10
0x00007000014db748:   00007fcf432cc000 00007000014db7d0
0x00007000014db758:   00000001190e95ae 00007fcf42cb4a00
0x00007000014db768:   0000000200000001 0000000000000000
0x00007000014db778:   00007000014db800 0000000000000000
0x00007000014db788:   0000000000000000 00007000014db7d0
0x00007000014db798:   00007fcf43877c20 00007000004db968
0x00007000014db7a8:   00007fcf432cc1e8 00000001261ab480
0x00007000014db7b8:   0000000000000000 00007000014db968
0x00007000014db7c8:   00007fcf432cc000 00007000014db820
0x00007000014db7d8:   000000010455ba2a 00000007805605a8
0x00007000014db7e8:   0000000103504a10 0000000000000064
0x00007000014db7f8:   0000000000000000 0000000000000064
0x00007000014db808:   00007fcf42cb40c8 00007000014db870
0x00007000014db818:   000000010332bd39 00007000014db940
0x00007000014db828:   000000010455e87c 0000000000000001
0x00007000014db838:   00007fcf42cb5100 0000000780560600
0x00007000014db848:   00007fcf432cc000 00007fcf432cc000
0x00007000014db858:   0000000115866a08 00007000014db968
0x00007000014db868:   00007fcf432cc000 00007000014db8c0
0x00007000014db878:   00000001041e7328 00000007805605a8
0x00007000014db888:   0000000104267ea6 00007000014db940
0x00007000014db898:   000000010455531c 0000000116035ffc
0x00007000014db8a8:   00007000014db8e8 0000000116036078
0x00007000014db8b8:   0000000000000000 00007000014db940
0x00007000014db8c8:   0000000103f5698d 00007000014db940
0x00007000014db8d8:   0000000103f5698d 0000000103f5698d
0x00007000014db8e8:   00000007805605a8 0000000000000001
0x00007000014db8f8:   0000000780560690 00007000014db8f0
0x00007000014db908:   0000000115ccf5a9 00007000014db968
0x00007000014db918:   0000000115d18a60 0000000000000000 

Instructions: (pc=0x00007fff8d8884d7)
0x00007fff8d8884b7:   00 31 c0 c3 0f 1f 44 00 00 48 85 ff 2e 74 62 40
0x00007fff8d8884c7:   f6 c7 01 2e 75 66 49 bb f8 ff ff ff ff 7f 00 00
0x00007fff8d8884d7:   4c 23 1f 49 89 f2 45 23 53 18 49 c1 e2 04 4d 03
0x00007fff8d8884e7:   53 10 49 3b 32 75 04 41 ff 62 08 49 83 3a 01 76 

Register to memory mapping:

RAX=0x00007fcf433c0000 is an unknown value
RBX=0x00007fcf432cc1e8 is an unknown value
RCX=0x00007fcf433c0040 is an unknown value
RDX=0x00000001190e9ad0: Java_sun_java2d_opengl_OGLRenderQueue_flushBuffer+0xb5c in /Library/Java/JavaVirtualMachines/jdk1.8.0_20.jdk/Contents/Home/jre/lib/libawt_lwawt.dylib at 0x00000001190ae000
RSP=0x00007000014db728 is pointing into the stack for thread: 0x00007fcf432cc000
RBP=0x00007000014db750 is pointing into the stack for thread: 0x00007fcf432cc000
RSI=0x00007fff9cc49bfa: -[NSTitlebarContainerView transparent]+0xd9e2 in /System/Library/Frameworks/AppKit.framework/Versions/C/AppKit at 0x00007fff9c217000
RDI=0xd000000000000000 is an unknown value
R8 =0x0000000000000065 is an unknown value
R9 =0x00007fcf42cb4a40 is an unknown value
R10=0x000000010455b9b8 is at entry_point+56 in (nmethod*)0x000000010455b810
R11=0x00007ffffffffff8 is an unknown value
R12=0x00007fcf433c0038 is an unknown value
R13=0x00007000014db8e8 is pointing into the stack for thread: 0x00007fcf432cc000
R14=0x00007fcf42e78250 is an unknown value
R15=0x00007fcf42e68310 is an unknown value


Stack: [0x00007000013dc000,0x00007000014dc000],  sp=0x00007000014db728,  free space=1021k
Native frames: (J=compiled Java code, j=interpreted, Vv=VM code, C=native code)
C  [libobjc.A.dylib+0x14d7]  objc_msgSend+0x17
C  [libawt_lwawt.dylib+0x3b5ae]  Java_sun_java2d_opengl_OGLRenderQueue_flushBuffer+0x63a
J 3918  sun.java2d.opengl.OGLRenderQueue.flushBuffer(JI)V (0 bytes) @ 0x000000010455ba2a [0x000000010455b980+0xaa]
J 3909 C1 sun.java2d.opengl.OGLRenderQueue.flushBuffer()V (41 bytes) @ 0x000000010455e87c [0x000000010455e620+0x25c]
J 3908 C1 sun.java2d.opengl.OGLRenderQueue.access$100(Lsun/java2d/opengl/OGLRenderQueue;)V (5 bytes) @ 0x000000010455531c [0x00000001045552c0+0x5c]
j  sun.java2d.opengl.OGLRenderQueue$QueueFlusher.run()V+81
v  ~StubRoutines::call_stub
V  [libjvm.dylib+0x2d429e]  JavaCalls::call_helper(JavaValue*, methodHandle*, JavaCallArguments*, Thread*)+0x6ae
V  [libjvm.dylib+0x2d4a2c]  JavaCalls::call_virtual(JavaValue*, KlassHandle, Symbol*, Symbol*, JavaCallArguments*, Thread*)+0x164
V  [libjvm.dylib+0x2d4bd8]  JavaCalls::call_virtual(JavaValue*, Handle, KlassHandle, Symbol*, Symbol*, Thread*)+0x4a
V  [libjvm.dylib+0x32562b]  thread_entry(JavaThread*, Thread*)+0x7c
V  [libjvm.dylib+0x535a51]  JavaThread::thread_main_inner()+0x9b
V  [libjvm.dylib+0x537194]  JavaThread::run()+0x1c2
V  [libjvm.dylib+0x45d35a]  java_start(Thread*)+0xf6
C  [libsystem_pthread.dylib+0x3c13]  _pthread_body+0x83
C  [libsystem_pthread.dylib+0x3b90]  _pthread_body+0x0
C  [libsystem_pthread.dylib+0x1375]  thread_start+0xd
C  0x0000000000000000

Java frames: (J=compiled Java code, j=interpreted, Vv=VM code)
J 3918  sun.java2d.opengl.OGLRenderQueue.flushBuffer(JI)V (0 bytes) @ 0x000000010455b9b8 [0x000000010455b980+0x38]
J 3909 C1 sun.java2d.opengl.OGLRenderQueue.flushBuffer()V (41 bytes) @ 0x000000010455e87c [0x000000010455e620+0x25c]
J 3908 C1 sun.java2d.opengl.OGLRenderQueue.access$100(Lsun/java2d/opengl/OGLRenderQueue;)V (5 bytes) @ 0x000000010455531c [0x00000001045552c0+0x5c]
j  sun.java2d.opengl.OGLRenderQueue$QueueFlusher.run()V+81
v  ~StubRoutines::call_stub

---------------  P R O C E S S  ---------------

Java Threads: ( => current thread )
  0x00007fcf44161800 JavaThread "pool-6-thread-1" [_thread_blocked, id=62943, stack(0x0000700001d7a000,0x0000700001e7a000)]
  0x00007fcf44ae6000 JavaThread "Image Fetcher 0" daemon [_thread_blocked, id=38347, stack(0x0000700001c77000,0x0000700001d77000)]
  0x00007fcf44bc6800 JavaThread "pool-5-thread-1" [_thread_blocked, id=24339, stack(0x0000700001b74000,0x0000700001c74000)]
  0x00007fcf44c8c800 JavaThread "pool-4-thread-1" [_thread_blocked, id=21523, stack(0x0000700001a71000,0x0000700001b71000)]
  0x00007fcf44e63000 JavaThread "pool-3-thread-1" [_thread_blocked, id=39127, stack(0x00007000010cd000,0x00007000011cd000)]
  0x00007fcf44e6d800 JavaThread "pool-2-thread-1" [_thread_blocked, id=61187, stack(0x000070000196e000,0x0000700001a6e000)]
  0x00007fcf4390e000 JavaThread "pool-1-thread-1" [_thread_blocked, id=60687, stack(0x0000700001768000,0x0000700001868000)]
  0x00007fcf448fa800 JavaThread "DestroyJavaVM" [_thread_blocked, id=5891, stack(0x000070000011a000,0x000070000021a000)]
  0x00007fcf43556800 JavaThread "TimerQueue" daemon [_thread_blocked, id=59727, stack(0x000070000186b000,0x000070000196b000)]
  0x00007fcf43410000 JavaThread "AWT-EventQueue-0" [_thread_in_native, id=54283, stack(0x00007000015e2000,0x00007000016e2000)]
  0x00007fcf449d2800 JavaThread "Java2D Disposer" daemon [_thread_blocked, id=50191, stack(0x00007000014df000,0x00007000015df000)]
=>0x00007fcf432cc000 JavaThread "Java2D Queue Flusher" daemon [_thread_in_native, id=42279, stack(0x00007000013dc000,0x00007000014dc000)]
  0x00007fcf448ca000 JavaThread "AWT-Shutdown" [_thread_blocked, id=30227, stack(0x0000700001256000,0x0000700001356000)]
  0x00007fcf43249800 JavaThread "AppKit Thread" daemon [_thread_in_native, id=2571, stack(0x00007fff5ceb4000,0x00007fff5d6b4000)]
  0x00007fcf4380a800 JavaThread "Service Thread" daemon [_thread_blocked, id=18691, stack(0x0000700000e44000,0x0000700000f44000)]
  0x00007fcf44833800 JavaThread "C1 CompilerThread2" daemon [_thread_blocked, id=18179, stack(0x0000700000d41000,0x0000700000e41000)]
  0x00007fcf4482a800 JavaThread "C2 CompilerThread1" daemon [_thread_blocked, id=17667, stack(0x0000700000c3e000,0x0000700000d3e000)]
  0x00007fcf44804000 JavaThread "C2 CompilerThread0" daemon [_thread_blocked, id=17155, stack(0x0000700000b3b000,0x0000700000c3b000)]
  0x00007fcf44017800 JavaThread "Signal Dispatcher" daemon [_thread_blocked, id=12815, stack(0x0000700000a38000,0x0000700000b38000)]
  0x00007fcf43018800 JavaThread "Finalizer" daemon [_thread_blocked, id=12291, stack(0x000070000082f000,0x000070000092f000)]
  0x00007fcf43018000 JavaThread "Reference Handler" daemon [_thread_blocked, id=11779, stack(0x000070000072c000,0x000070000082c000)]

Other Threads:
  0x00007fcf43005800 VMThread [stack: 0x0000700000629000,0x0000700000729000] [id=11267]
  0x00007fcf4307f000 WatcherThread [stack: 0x0000700000f47000,0x0000700001047000] [id=19203]

VM state:not at safepoint (normal execution)

VM Mutex/Monitor currently owned by a thread: None

Heap:
 PSYoungGen      total 21504K, used 4506K [0x00000007aab00000, 0x00000007ac500000, 0x00000007c0000000)
  eden space 16384K, 17% used [0x00000007aab00000,0x00000007aadc2bc0,0x00000007abb00000)
  from space 5120K, 32% used [0x00000007abb00000,0x00000007abca4030,0x00000007ac000000)
  to   space 5120K, 0% used [0x00000007ac000000,0x00000007ac000000,0x00000007ac500000)
 ParOldGen       total 26624K, used 16714K [0x0000000780000000, 0x0000000781a00000, 0x00000007aab00000)
  object space 26624K, 62% used [0x0000000780000000,0x0000000781052b88,0x0000000781a00000)
 Metaspace       used 29616K, capacity 29890K, committed 30208K, reserved 1075200K
  class space    used 3920K, capacity 3993K, committed 4096K, reserved 1048576K

Card table byte_map: [0x000000011330f000,0x0000000113510000] byte_map_base: 0x000000010f70f000

Marking Bits: (ParMarkBitMap*) 0x000000010389c330
 Begin Bits: [0x0000000113666000, 0x0000000114666000)
 End Bits:   [0x0000000114666000, 0x0000000115666000)

Polling page: 0x00000001027d9000

CodeCache: size=245760Kb used=12635Kb max_used=12646Kb free=233124Kb
 bounds [0x0000000103f4f000, 0x0000000104bbf000, 0x0000000112f4f000]
 total_blobs=4674 nmethods=3994 adapters=592
 compilation: enabled

Compilation events (10 events):
Event: 1733.832 Thread 0x00007fcf44833800 nmethod 4306 0x0000000104b9c010 code [0x0000000104b9c160, 0x0000000104b9c270]
Event: 1733.832 Thread 0x00007fcf44833800 4307       1       org.hibernate.dialect.Dialect::appendLockHint (2 bytes)
Event: 1733.832 Thread 0x00007fcf44833800 nmethod 4307 0x0000000104b9bd50 code [0x0000000104b9bea0, 0x0000000104b9bfb0]
Event: 1733.832 Thread 0x00007fcf44833800 4308       3       org.hibernate.LockOptions::setScope (7 bytes)
Event: 1733.833 Thread 0x00007fcf44833800 nmethod 4308 0x0000000104b9ba10 code [0x0000000104b9bb60, 0x0000000104b9bcb0]
Event: 1733.842 Thread 0x00007fcf44833800 4309       1       java.util.Collections$SingletonList::size (2 bytes)
Event: 1733.842 Thread 0x00007fcf44833800 nmethod 4309 0x0000000104b9b750 code [0x0000000104b9b8a0, 0x0000000104b9b9b0]
Event: 1733.842 Thread 0x00007fcf44833800 4310       3       org.hibernate.sql.Insert::addColumn (14 bytes)
Event: 1733.842 Thread 0x00007fcf44833800 nmethod 4310 0x0000000104b9b2d0 code [0x0000000104b9b440, 0x0000000104b9b668]
Event: 1733.842 Thread 0x00007fcf44833800 4311       3       org.hibernate.sql.Update::addColumns (38 bytes)

GC Heap History (10 events):
Event: 29.723 GC heap before
{Heap before GC invocations=10 (full 1):
 PSYoungGen      total 21504K, used 19999K [0x00000007aab00000, 0x00000007ac500000, 0x00000007c0000000)
  eden space 16384K, 100% used [0x00000007aab00000,0x00000007abb00000,0x00000007abb00000)
  from space 5120K, 70% used [0x00000007ac000000,0x00000007ac387ce8,0x00000007ac500000)
  to   space 5120K, 0% used [0x00000007abb00000,0x00000007abb00000,0x00000007ac000000)
 ParOldGen       total 26624K, used 8018K [0x0000000780000000, 0x0000000781a00000, 0x00000007aab00000)
  object space 26624K, 30% used [0x0000000780000000,0x00000007807d4800,0x0000000781a00000)
 Metaspace       used 28539K, capacity 28844K, committed 29056K, reserved 1075200K
  class space    used 3877K, capacity 3952K, committed 3968K, reserved 1048576K
Event: 29.729 GC heap after
Heap after GC invocations=10 (full 1):
 PSYoungGen      total 21504K, used 2681K [0x00000007aab00000, 0x00000007ac500000, 0x00000007c0000000)
  eden space 16384K, 0% used [0x00000007aab00000,0x00000007aab00000,0x00000007abb00000)
  from space 5120K, 52% used [0x00000007abb00000,0x00000007abd9e700,0x00000007ac000000)
  to   space 5120K, 0% used [0x00000007ac000000,0x00000007ac000000,0x00000007ac500000)
 ParOldGen       total 26624K, used 9076K [0x0000000780000000, 0x0000000781a00000, 0x00000007aab00000)
  object space 26624K, 34% used [0x0000000780000000,0x00000007808dd030,0x0000000781a00000)
 Metaspace       used 28539K, capacity 28844K, committed 29056K, reserved 1075200K
  class space    used 3877K, capacity 3952K, committed 3968K, reserved 1048576K
}
Event: 31.214 GC heap before
{Heap before GC invocations=11 (full 1):
 PSYoungGen      total 21504K, used 19065K [0x00000007aab00000, 0x00000007ac500000, 0x00000007c0000000)
  eden space 16384K, 100% used [0x00000007aab00000,0x00000007abb00000,0x00000007abb00000)
  from space 5120K, 52% used [0x00000007abb00000,0x00000007abd9e700,0x00000007ac000000)
  to   space 5120K, 0% used [0x00000007ac000000,0x00000007ac000000,0x00000007ac500000)
 ParOldGen       total 26624K, used 9076K [0x0000000780000000, 0x0000000781a00000, 0x00000007aab00000)
  object space 26624K, 34% used [0x0000000780000000,0x00000007808dd030,0x0000000781a00000)
 Metaspace       used 28827K, capacity 29130K, committed 29312K, reserved 1075200K
  class space    used 3881K, capacity 3957K, committed 3968K, reserved 1048576K
Event: 31.221 GC heap after
Heap after GC invocations=11 (full 1):
 PSYoungGen      total 21504K, used 2288K [0x00000007aab00000, 0x00000007ac500000, 0x00000007c0000000)
  eden space 16384K, 0% used [0x00000007aab00000,0x00000007aab00000,0x00000007abb00000)
  from space 5120K, 44% used [0x00000007ac000000,0x00000007ac23c050,0x00000007ac500000)
  to   space 5120K, 0% used [0x00000007abb00000,0x00000007abb00000,0x00000007ac000000)
 ParOldGen       total 26624K, used 10384K [0x0000000780000000, 0x0000000781a00000, 0x00000007aab00000)
  object space 26624K, 39% used [0x0000000780000000,0x0000000780a24268,0x0000000781a00000)
 Metaspace       used 28827K, capacity 29130K, committed 29312K, reserved 1075200K
  class space    used 3881K, capacity 3957K, committed 3968K, reserved 1048576K
}
Event: 32.631 GC heap before
{Heap before GC invocations=12 (full 1):
 PSYoungGen      total 21504K, used 18672K [0x00000007aab00000, 0x00000007ac500000, 0x00000007c0000000)
  eden space 16384K, 100% used [0x00000007aab00000,0x00000007abb00000,0x00000007abb00000)
  from space 5120K, 44% used [0x00000007ac000000,0x00000007ac23c050,0x00000007ac500000)
  to   space 5120K, 0% used [0x00000007abb00000,0x00000007abb00000,0x00000007ac000000)
 ParOldGen       total 26624K, used 10384K [0x0000000780000000, 0x0000000781a00000, 0x00000007aab00000)
  object space 26624K, 39% used [0x0000000780000000,0x0000000780a24268,0x0000000781a00000)
 Metaspace       used 28968K, capacity 29258K, committed 29568K, reserved 1075200K
  class space    used 3882K, capacity 3957K, committed 3968K, reserved 1048576K
Event: 32.636 GC heap after
Heap after GC invocations=12 (full 1):
 PSYoungGen      total 21504K, used 1536K [0x00000007aab00000, 0x00000007ac500000, 0x00000007c0000000)
  eden space 16384K, 0% used [0x00000007aab00000,0x00000007aab00000,0x00000007abb00000)
  from space 5120K, 30% used [0x00000007abb00000,0x00000007abc80040,0x00000007ac000000)
  to   space 5120K, 0% used [0x00000007ac000000,0x00000007ac000000,0x00000007ac500000)
 ParOldGen       total 26624K, used 12313K [0x0000000780000000, 0x0000000781a00000, 0x00000007aab00000)
  object space 26624K, 46% used [0x0000000780000000,0x0000000780c066f8,0x0000000781a00000)
 Metaspace       used 28968K, capacity 29258K, committed 29568K, reserved 1075200K
  class space    used 3882K, capacity 3957K, committed 3968K, reserved 1048576K
}
Event: 34.045 GC heap before
{Heap before GC invocations=13 (full 1):
 PSYoungGen      total 21504K, used 17920K [0x00000007aab00000, 0x00000007ac500000, 0x00000007c0000000)
  eden space 16384K, 100% used [0x00000007aab00000,0x00000007abb00000,0x00000007abb00000)
  from space 5120K, 30% used [0x00000007abb00000,0x00000007abc80040,0x00000007ac000000)
  to   space 5120K, 0% used [0x00000007ac000000,0x00000007ac000000,0x00000007ac500000)
 ParOldGen       total 26624K, used 12313K [0x0000000780000000, 0x0000000781a00000, 0x00000007aab00000)
  object space 26624K, 46% used [0x0000000780000000,0x0000000780c066f8,0x0000000781a00000)
 Metaspace       used 29122K, capacity 29386K, committed 29568K, reserved 1075200K
  class space    used 3895K, capacity 3957K, committed 3968K, reserved 1048576K
Event: 34.048 GC heap after
Heap after GC invocations=13 (full 1):
 PSYoungGen      total 21504K, used 3289K [0x00000007aab00000, 0x00000007ac500000, 0x00000007c0000000)
  eden space 16384K, 0% used [0x00000007aab00000,0x00000007aab00000,0x00000007abb00000)
  from space 5120K, 64% used [0x00000007ac000000,0x00000007ac336580,0x00000007ac500000)
  to   space 5120K, 0% used [0x00000007abb00000,0x00000007abb00000,0x00000007ac000000)
 ParOldGen       total 26624K, used 13543K [0x0000000780000000, 0x0000000781a00000, 0x00000007aab00000)
  object space 26624K, 50% used [0x0000000780000000,0x0000000780d39dc0,0x0000000781a00000)
 Metaspace       used 29122K, capacity 29386K, committed 29568K, reserved 1075200K
  class space    used 3895K, capacity 3957K, committed 3968K, reserved 1048576K
}
Event: 1733.834 GC heap before
{Heap before GC invocations=14 (full 1):
 PSYoungGen      total 21504K, used 19673K [0x00000007aab00000, 0x00000007ac500000, 0x00000007c0000000)
  eden space 16384K, 100% used [0x00000007aab00000,0x00000007abb00000,0x00000007abb00000)
  from space 5120K, 64% used [0x00000007ac000000,0x00000007ac336580,0x00000007ac500000)
  to   space 5120K, 0% used [0x00000007abb00000,0x00000007abb00000,0x00000007ac000000)
 ParOldGen       total 26624K, used 13543K [0x0000000780000000, 0x0000000781a00000, 0x00000007aab00000)
  object space 26624K, 50% used [0x0000000780000000,0x0000000780d39dc0,0x0000000781a00000)
 Metaspace       used 29607K, capacity 29878K, committed 30208K, reserved 1075200K
  class space    used 3919K, capacity 3991K, committed 4096K, reserved 1048576K
Event: 1733.839 GC heap after
Heap after GC invocations=14 (full 1):
 PSYoungGen      total 21504K, used 1680K [0x00000007aab00000, 0x00000007ac500000, 0x00000007c0000000)
  eden space 16384K, 0% used [0x00000007aab00000,0x00000007aab00000,0x00000007abb00000)
  from space 5120K, 32% used [0x00000007abb00000,0x00000007abca4030,0x00000007ac000000)
  to   space 5120K, 0% used [0x00000007ac000000,0x00000007ac000000,0x00000007ac500000)
 ParOldGen       total 26624K, used 16714K [0x0000000780000000, 0x0000000781a00000, 0x00000007aab00000)
  object space 26624K, 62% used [0x0000000780000000,0x0000000781052b88,0x0000000781a00000)
 Metaspace       used 29607K, capacity 29878K, committed 30208K, reserved 1075200K
  class space    used 3919K, capacity 3991K, committed 4096K, reserved 1048576K
}

Deoptimization events (10 events):
Event: 24.762 Thread 0x00007fcf43410000 Uncommon trap: reason=class_check action=maybe_recompile pc=0x00000001043e8c18 method=java.util.HashMap.putVal(ILjava/lang/Object;Ljava/lang/Object;ZZ)Ljava/lang/Object; @ 253
Event: 24.762 Thread 0x00007fcf43410000 Uncommon trap: reason=class_check action=maybe_recompile pc=0x00000001043e8c18 method=java.util.HashMap.putVal(ILjava/lang/Object;Ljava/lang/Object;ZZ)Ljava/lang/Object; @ 253
Event: 25.015 Thread 0x00007fcf43410000 Uncommon trap: reason=bimorphic action=maybe_recompile pc=0x00000001045919b8 method=java.util.HashMap.putVal(ILjava/lang/Object;Ljava/lang/Object;ZZ)Ljava/lang/Object; @ 203
Event: 25.015 Thread 0x00007fcf43410000 Uncommon trap: reason=bimorphic action=maybe_recompile pc=0x00000001045919b8 method=java.util.HashMap.putVal(ILjava/lang/Object;Ljava/lang/Object;ZZ)Ljava/lang/Object; @ 203
Event: 25.015 Thread 0x00007fcf43410000 Uncommon trap: reason=bimorphic action=maybe_recompile pc=0x00000001045919b8 method=java.util.HashMap.putVal(ILjava/lang/Object;Ljava/lang/Object;ZZ)Ljava/lang/Object; @ 203
Event: 25.097 Thread 0x00007fcf43410000 Uncommon trap: reason=bimorphic action=maybe_recompile pc=0x00000001045919b8 method=java.util.HashMap.putVal(ILjava/lang/Object;Ljava/lang/Object;ZZ)Ljava/lang/Object; @ 203
Event: 25.534 Thread 0x00007fcf43410000 Uncommon trap: reason=unreached action=reinterpret pc=0x0000000104187c90 method=java.util.HashMap.getNode(ILjava/lang/Object;)Ljava/util/HashMap$Node; @ 84
Event: 25.534 Thread 0x00007fcf43410000 Uncommon trap: reason=unreached action=reinterpret pc=0x0000000104188264 method=java.util.HashMap.getNode(ILjava/lang/Object;)Ljava/util/HashMap$Node; @ 84
Event: 25.535 Thread 0x00007fcf43410000 Uncommon trap: reason=unreached action=reinterpret pc=0x00000001045cd58c method=java.util.HashMap.putVal(ILjava/lang/Object;Ljava/lang/Object;ZZ)Ljava/lang/Object; @ 109
Event: 1733.601 Thread 0x00007fcf43410000 Uncommon trap: reason=class_check action=maybe_recompile pc=0x00000001040e8740 method=java.util.LinkedHashMap.afterNodeInsertion(Z)V @ 15

Internal exceptions (10 events):
Event: 1733.602 Thread 0x00007fcf43410000 Exception <a 'java/security/PrivilegedActionException'> (0x00000007ab33be40) thrown at [/HUDSON3/workspace/8-2-build-macosx-x86_64/jdk8u20/1074/hotspot/src/share/vm/prims/jvm.cpp, line 1275]
Event: 1733.690 Thread 0x00007fcf43410000 Exception <a 'java/security/PrivilegedActionException'> (0x00000007ab5c6f68) thrown at [/HUDSON3/workspace/8-2-build-macosx-x86_64/jdk8u20/1074/hotspot/src/share/vm/prims/jvm.cpp, line 1275]
Event: 1733.709 Thread 0x00007fcf43410000 Exception <a 'java/security/PrivilegedActionException'> (0x00000007ab5ce300) thrown at [/HUDSON3/workspace/8-2-build-macosx-x86_64/jdk8u20/1074/hotspot/src/share/vm/prims/jvm.cpp, line 1275]
Event: 1733.715 Thread 0x00007fcf43410000 Exception <a 'java/security/PrivilegedActionException'> (0x00000007ab5d1640) thrown at [/HUDSON3/workspace/8-2-build-macosx-x86_64/jdk8u20/1074/hotspot/src/share/vm/prims/jvm.cpp, line 1275]
Event: 1733.728 Thread 0x00007fcf43410000 Exception <a 'java/security/PrivilegedActionException'> (0x00000007ab5f65f8) thrown at [/HUDSON3/workspace/8-2-build-macosx-x86_64/jdk8u20/1074/hotspot/src/share/vm/prims/jvm.cpp, line 1275]
Event: 1733.768 Thread 0x00007fcf43410000 Exception <a 'java/lang/NullPointerException'> (0x00000007ab6dab58) thrown at [/HUDSON3/workspace/8-2-build-macosx-x86_64/jdk8u20/1074/hotspot/src/share/vm/runtime/reflection.cpp, line 920]
Event: 1733.769 Thread 0x00007fcf43410000 Exception <a 'java/lang/AbstractMethodError': com.mysql.jdbc.JDBC4Connection.getSchema()Ljava/lang/String;> (0x00000007ab6f8e00) thrown at [/HUDSON3/workspace/8-2-build-macosx-x86_64/jdk8u20/1074/hotspot/src/share/vm/interpreter/linkResolver.cpp, line 131
Event: 1733.769 Thread 0x00007fcf43410000 Exception <a 'java/lang/reflect/InvocationTargetException'> (0x00000007ab6f92d0) thrown at [/HUDSON3/workspace/8-2-build-macosx-x86_64/jdk8u20/1074/hotspot/src/share/vm/runtime/reflection.cpp, line 947]
Event: 1733.808 Thread 0x00007fcf43410000 Exception <a 'java/security/PrivilegedActionException'> (0x00000007ab869e78) thrown at [/HUDSON3/workspace/8-2-build-macosx-x86_64/jdk8u20/1074/hotspot/src/share/vm/prims/jvm.cpp, line 1275]
Event: 1733.809 Thread 0x00007fcf43410000 Exception <a 'java/security/PrivilegedActionException'> (0x00000007ab86ed08) thrown at [/HUDSON3/workspace/8-2-build-macosx-x86_64/jdk8u20/1074/hotspot/src/share/vm/prims/jvm.cpp, line 1275]

Events (10 events):
Event: 1733.840 Executing VM operation: RevokeBias
Event: 1733.840 Executing VM operation: RevokeBias done
Event: 1733.840 Executing VM operation: RevokeBias
Event: 1733.840 Executing VM operation: RevokeBias done
Event: 1733.840 Executing VM operation: RevokeBias
Event: 1733.840 Executing VM operation: RevokeBias done
Event: 1733.840 Executing VM operation: RevokeBias
Event: 1733.840 Executing VM operation: RevokeBias done
Event: 1733.840 Executing VM operation: RevokeBias
Event: 1733.841 Executing VM operation: RevokeBias done


Dynamic libraries:
0x000000000a58f000 	/System/Library/Frameworks/Cocoa.framework/Versions/A/Cocoa
0x000000000a58f000 	/System/Library/Frameworks/Security.framework/Versions/A/Security
0x000000000a58f000 	/System/Library/Frameworks/ApplicationServices.framework/Versions/A/ApplicationServices
0x000000000a58f000 	/usr/lib/libz.1.dylib
0x000000000a58f000 	/usr/lib/libSystem.B.dylib
0x000000000a58f000 	/usr/lib/libobjc.A.dylib
0x000000000a58f000 	/System/Library/Frameworks/CoreFoundation.framework/Versions/A/CoreFoundation
0x000000000a58f000 	/System/Library/Frameworks/Foundation.framework/Versions/C/Foundation
0x000000000a58f000 	/System/Library/Frameworks/AppKit.framework/Versions/C/AppKit
0x000000000a58f000 	/System/Library/Frameworks/CoreData.framework/Versions/A/CoreData
0x000000000a58f000 	/System/Library/PrivateFrameworks/RemoteViewServices.framework/Versions/A/RemoteViewServices
0x000000000a58f000 	/System/Library/PrivateFrameworks/UIFoundation.framework/Versions/A/UIFoundation
0x000000000a58f000 	/usr/lib/libScreenReader.dylib
0x000000000a58f000 	/System/Library/Frameworks/Accelerate.framework/Versions/A/Accelerate
0x000000000a58f000 	/System/Library/Frameworks/IOSurface.framework/Versions/A/IOSurface
0x000000000a58f000 	/System/Library/Frameworks/AudioToolbox.framework/Versions/A/AudioToolbox
0x000000000a58f000 	/System/Library/Frameworks/AudioUnit.framework/Versions/A/AudioUnit
0x000000000a58f000 	/System/Library/PrivateFrameworks/DataDetectorsCore.framework/Versions/A/DataDetectorsCore
0x000000000a58f000 	/System/Library/PrivateFrameworks/DesktopServicesPriv.framework/Versions/A/DesktopServicesPriv
0x000000000a58f000 	/System/Library/Frameworks/Carbon.framework/Versions/A/Frameworks/HIToolbox.framework/Versions/A/HIToolbox
0x000000000a58f000 	/System/Library/Frameworks/QuartzCore.framework/Versions/A/QuartzCore
0x000000000a58f000 	/System/Library/Frameworks/Carbon.framework/Versions/A/Frameworks/SpeechRecognition.framework/Versions/A/SpeechRecognition
0x000000000a58f000 	/usr/lib/libauto.dylib
0x000000000a58f000 	/usr/lib/libicucore.A.dylib
0x000000000a58f000 	/usr/lib/libxml2.2.dylib
0x000000000a58f000 	/System/Library/PrivateFrameworks/CoreUI.framework/Versions/A/CoreUI
0x000000000a58f000 	/System/Library/Frameworks/CoreAudio.framework/Versions/A/CoreAudio
0x000000000a58f000 	/System/Library/Frameworks/DiskArbitration.framework/Versions/A/DiskArbitration
0x000000000a58f000 	/usr/lib/liblangid.dylib
0x000000000a58f000 	/System/Library/PrivateFrameworks/MultitouchSupport.framework/Versions/A/MultitouchSupport
0x000000000a58f000 	/System/Library/Frameworks/IOKit.framework/Versions/A/IOKit
0x000000000a58f000 	/usr/lib/libDiagnosticMessagesClient.dylib
0x000000000a58f000 	/System/Library/Frameworks/CoreServices.framework/Versions/A/CoreServices
0x000000000a58f000 	/System/Library/PrivateFrameworks/PerformanceAnalysis.framework/Versions/A/PerformanceAnalysis
0x000000000a58f000 	/System/Library/PrivateFrameworks/GenerationalStorage.framework/Versions/A/GenerationalStorage
0x000000000a58f000 	/System/Library/Frameworks/OpenGL.framework/Versions/A/OpenGL
0x000000000a58f000 	/System/Library/PrivateFrameworks/Sharing.framework/Versions/A/Sharing
0x000000000a58f000 	/System/Library/Frameworks/CoreGraphics.framework/Versions/A/CoreGraphics
0x000000000a58f000 	/System/Library/Frameworks/CoreImage.framework/Versions/A/CoreImage
0x000000000a58f000 	/System/Library/Frameworks/CoreText.framework/Versions/A/CoreText
0x000000000a58f000 	/System/Library/Frameworks/ImageIO.framework/Versions/A/ImageIO
0x000000000a58f000 	/System/Library/PrivateFrameworks/Backup.framework/Versions/A/Backup
0x000000000a58f000 	/usr/lib/libextension.dylib
0x000000000a58f000 	/usr/lib/libarchive.2.dylib
0x000000000a58f000 	/System/Library/Frameworks/CFNetwork.framework/Versions/A/CFNetwork
0x000000000a58f000 	/System/Library/Frameworks/SystemConfiguration.framework/Versions/A/SystemConfiguration
0x000000000a58f000 	/usr/lib/libCRFSuite.dylib
0x000000000a58f000 	/usr/lib/libc++.1.dylib
0x000000000a58f000 	/usr/lib/libc++abi.dylib
0x000000000a58f000 	/usr/lib/system/libcache.dylib
0x000000000a58f000 	/usr/lib/system/libcommonCrypto.dylib
0x000000000a58f000 	/usr/lib/system/libcompiler_rt.dylib
0x000000000a58f000 	/usr/lib/system/libcopyfile.dylib
0x000000000a58f000 	/usr/lib/system/libcorecrypto.dylib
0x000000000a58f000 	/usr/lib/system/libdispatch.dylib
0x000000000a58f000 	/usr/lib/system/libdyld.dylib
0x000000000a58f000 	/usr/lib/system/libkeymgr.dylib
0x000000000a58f000 	/usr/lib/system/liblaunch.dylib
0x000000000a58f000 	/usr/lib/system/libmacho.dylib
0x000000000a58f000 	/usr/lib/system/libquarantine.dylib
0x000000000a58f000 	/usr/lib/system/libremovefile.dylib
0x000000000a58f000 	/usr/lib/system/libsystem_asl.dylib
0x000000000a58f000 	/usr/lib/system/libsystem_blocks.dylib
0x000000000a58f000 	/usr/lib/system/libsystem_c.dylib
0x000000000a58f000 	/usr/lib/system/libsystem_configuration.dylib
0x000000000a58f000 	/usr/lib/system/libsystem_coreservices.dylib
0x000000000a58f000 	/usr/lib/system/libsystem_coretls.dylib
0x000000000a58f000 	/usr/lib/system/libsystem_dnssd.dylib
0x000000000a58f000 	/usr/lib/system/libsystem_info.dylib
0x000000000a58f000 	/usr/lib/system/libsystem_kernel.dylib
0x000000000a58f000 	/usr/lib/system/libsystem_m.dylib
0x000000000a58f000 	/usr/lib/system/libsystem_malloc.dylib
0x000000000a58f000 	/usr/lib/system/libsystem_network.dylib
0x000000000a58f000 	/usr/lib/system/libsystem_networkextension.dylib
0x000000000a58f000 	/usr/lib/system/libsystem_notify.dylib
0x000000000a58f000 	/usr/lib/system/libsystem_platform.dylib
0x000000000a58f000 	/usr/lib/system/libsystem_pthread.dylib
0x000000000a58f000 	/usr/lib/system/libsystem_sandbox.dylib
0x000000000a58f000 	/usr/lib/system/libsystem_secinit.dylib
0x000000000a58f000 	/usr/lib/system/libsystem_trace.dylib
0x000000000a58f000 	/usr/lib/system/libunc.dylib
0x000000000a58f000 	/usr/lib/system/libunwind.dylib
0x000000000a58f000 	/usr/lib/system/libxpc.dylib
0x000000000a58f000 	/usr/lib/libenergytrace.dylib
0x000000000a58f000 	/usr/lib/libbsm.0.dylib
0x000000000a58f000 	/usr/lib/system/libkxld.dylib
0x000000000a58f000 	/usr/lib/libxar.1.dylib
0x000000000a58f000 	/usr/lib/libsqlite3.dylib
0x000000000a58f000 	/usr/lib/libpam.2.dylib
0x000000000a58f000 	/usr/lib/libOpenScriptingUtil.dylib
0x000000000a58f000 	/usr/lib/libbz2.1.0.dylib
0x000000000a58f000 	/usr/lib/liblzma.5.dylib
0x000000000a58f000 	/System/Library/Frameworks/CoreServices.framework/Versions/A/Frameworks/FSEvents.framework/Versions/A/FSEvents
0x000000000a58f000 	/System/Library/Frameworks/CoreServices.framework/Versions/A/Frameworks/CarbonCore.framework/Versions/A/CarbonCore
0x000000000a58f000 	/System/Library/Frameworks/CoreServices.framework/Versions/A/Frameworks/Metadata.framework/Versions/A/Metadata
0x000000000a58f000 	/System/Library/Frameworks/CoreServices.framework/Versions/A/Frameworks/OSServices.framework/Versions/A/OSServices
0x000000000a58f000 	/System/Library/Frameworks/CoreServices.framework/Versions/A/Frameworks/SearchKit.framework/Versions/A/SearchKit
0x000000000a58f000 	/System/Library/Frameworks/CoreServices.framework/Versions/A/Frameworks/AE.framework/Versions/A/AE
0x000000000a58f000 	/System/Library/Frameworks/CoreServices.framework/Versions/A/Frameworks/LaunchServices.framework/Versions/A/LaunchServices
0x000000000a58f000 	/System/Library/Frameworks/CoreServices.framework/Versions/A/Frameworks/DictionaryServices.framework/Versions/A/DictionaryServices
0x000000000a58f000 	/System/Library/Frameworks/CoreServices.framework/Versions/A/Frameworks/SharedFileList.framework/Versions/A/SharedFileList
0x000000000a58f000 	/System/Library/Frameworks/NetFS.framework/Versions/A/NetFS
0x000000000a58f000 	/System/Library/PrivateFrameworks/NetAuth.framework/Versions/A/NetAuth
0x000000000a58f000 	/System/Library/PrivateFrameworks/login.framework/Versions/A/Frameworks/loginsupport.framework/Versions/A/loginsupport
0x000000000a58f000 	/System/Library/PrivateFrameworks/TCC.framework/Versions/A/TCC
0x000000000a58f000 	/usr/lib/libmecabra.dylib
0x000000000a58f000 	/System/Library/Frameworks/ApplicationServices.framework/Versions/A/Frameworks/ATS.framework/Versions/A/ATS
0x000000000a58f000 	/System/Library/Frameworks/ApplicationServices.framework/Versions/A/Frameworks/ColorSync.framework/Versions/A/ColorSync
0x000000000a58f000 	/System/Library/Frameworks/ApplicationServices.framework/Versions/A/Frameworks/HIServices.framework/Versions/A/HIServices
0x000000000a58f000 	/System/Library/Frameworks/ApplicationServices.framework/Versions/A/Frameworks/LangAnalysis.framework/Versions/A/LangAnalysis
0x000000000a58f000 	/System/Library/Frameworks/ApplicationServices.framework/Versions/A/Frameworks/PrintCore.framework/Versions/A/PrintCore
0x000000000a58f000 	/System/Library/Frameworks/ApplicationServices.framework/Versions/A/Frameworks/QD.framework/Versions/A/QD
0x000000000a58f000 	/System/Library/Frameworks/ApplicationServices.framework/Versions/A/Frameworks/SpeechSynthesis.framework/Versions/A/SpeechSynthesis
0x000000000a58f000 	/System/Library/Frameworks/Metal.framework/Versions/A/Metal
0x000000000a58f000 	/System/Library/Frameworks/Accelerate.framework/Versions/A/Frameworks/vImage.framework/Versions/A/vImage
0x000000000a58f000 	/System/Library/Frameworks/Accelerate.framework/Versions/A/Frameworks/vecLib.framework/Versions/A/vecLib
0x000000000a58f000 	/System/Library/Frameworks/Accelerate.framework/Versions/A/Frameworks/vecLib.framework/Versions/A/libvDSP.dylib
0x000000000a58f000 	/System/Library/Frameworks/Accelerate.framework/Versions/A/Frameworks/vecLib.framework/Versions/A/libvMisc.dylib
0x000000000a58f000 	/System/Library/Frameworks/Accelerate.framework/Versions/A/Frameworks/vecLib.framework/Versions/A/libLAPACK.dylib
0x000000000a58f000 	/System/Library/Frameworks/Accelerate.framework/Versions/A/Frameworks/vecLib.framework/Versions/A/libBLAS.dylib
0x000000000a58f000 	/System/Library/Frameworks/Accelerate.framework/Versions/A/Frameworks/vecLib.framework/Versions/A/libLinearAlgebra.dylib
0x000000000a58f000 	/System/Library/Frameworks/Accelerate.framework/Versions/A/Frameworks/vecLib.framework/Versions/A/libSparseBLAS.dylib
0x000000000a58f000 	/System/Library/PrivateFrameworks/GPUCompiler.framework/libmetal_timestamp.dylib
0x000000000a58f000 	/System/Library/Frameworks/OpenGL.framework/Versions/A/Libraries/libCoreFSCache.dylib
0x000000000a58f000 	/System/Library/PrivateFrameworks/IOAccelerator.framework/Versions/A/IOAccelerator
0x000000000a58f000 	/System/Library/Frameworks/ApplicationServices.framework/Versions/A/Frameworks/ATS.framework/Versions/A/Resources/libFontParser.dylib
0x000000000a58f000 	/System/Library/Frameworks/ApplicationServices.framework/Versions/A/Frameworks/ATS.framework/Versions/A/Resources/libFontRegistry.dylib
0x000000000a58f000 	/System/Library/PrivateFrameworks/AppleVPA.framework/Versions/A/AppleVPA
0x000000000a58f000 	/System/Library/PrivateFrameworks/AppleJPEG.framework/Versions/A/AppleJPEG
0x000000000a58f000 	/System/Library/Frameworks/ImageIO.framework/Versions/A/Resources/libJPEG.dylib
0x000000000a58f000 	/System/Library/Frameworks/ImageIO.framework/Versions/A/Resources/libTIFF.dylib
0x000000000a58f000 	/System/Library/Frameworks/ImageIO.framework/Versions/A/Resources/libPng.dylib
0x000000000a58f000 	/System/Library/Frameworks/ImageIO.framework/Versions/A/Resources/libGIF.dylib
0x000000000a58f000 	/System/Library/Frameworks/ImageIO.framework/Versions/A/Resources/libJP2.dylib
0x000000000a58f000 	/System/Library/Frameworks/ImageIO.framework/Versions/A/Resources/libRadiance.dylib
0x000000000a58f000 	/System/Library/Frameworks/CoreVideo.framework/Versions/A/CoreVideo
0x000000000a58f000 	/System/Library/Frameworks/OpenGL.framework/Versions/A/Libraries/libGLU.dylib
0x000000000a58f000 	/System/Library/Frameworks/OpenGL.framework/Versions/A/Libraries/libGFXShared.dylib
0x000000000a58f000 	/System/Library/Frameworks/OpenGL.framework/Versions/A/Libraries/libGL.dylib
0x000000000a58f000 	/System/Library/Frameworks/OpenGL.framework/Versions/A/Libraries/libGLImage.dylib
0x000000000a58f000 	/System/Library/Frameworks/OpenGL.framework/Versions/A/Libraries/libCVMSPluginSupport.dylib
0x000000000a58f000 	/System/Library/Frameworks/OpenGL.framework/Versions/A/Libraries/libCoreVMClient.dylib
0x000000000a58f000 	/usr/lib/libcups.2.dylib
0x000000000a58f000 	/System/Library/Frameworks/Kerberos.framework/Versions/A/Kerberos
0x000000000a58f000 	/System/Library/Frameworks/GSS.framework/Versions/A/GSS
0x000000000a58f000 	/usr/lib/libresolv.9.dylib
0x000000000a58f000 	/usr/lib/libiconv.2.dylib
0x000000000a58f000 	/System/Library/PrivateFrameworks/Heimdal.framework/Versions/A/Heimdal
0x000000000a58f000 	/usr/lib/libheimdal-asn1.dylib
0x000000000a58f000 	/System/Library/Frameworks/OpenDirectory.framework/Versions/A/OpenDirectory
0x000000000a58f000 	/System/Library/PrivateFrameworks/CommonAuth.framework/Versions/A/CommonAuth
0x000000000a58f000 	/System/Library/Frameworks/OpenDirectory.framework/Versions/A/Frameworks/CFOpenDirectory.framework/Versions/A/CFOpenDirectory
0x000000000a58f000 	/System/Library/Frameworks/SecurityFoundation.framework/Versions/A/SecurityFoundation
0x000000000a58f000 	/System/Library/PrivateFrameworks/LanguageModeling.framework/Versions/A/LanguageModeling
0x000000000a58f000 	/usr/lib/libmarisa.dylib
0x000000000a58f000 	/usr/lib/libChineseTokenizer.dylib
0x000000000a58f000 	/usr/lib/libcmph.dylib
0x000000000a58f000 	/usr/lib/libcompression.dylib
0x000000000a58f000 	/System/Library/Frameworks/ServiceManagement.framework/Versions/A/ServiceManagement
0x000000000a58f000 	/usr/lib/libxslt.1.dylib
0x000000000a58f000 	/System/Library/Frameworks/Carbon.framework/Versions/A/Frameworks/Ink.framework/Versions/A/Ink
0x000000000a58f000 	/usr/lib/libFosl_dynamic.dylib
0x000000000a58f000 	/System/Library/PrivateFrameworks/FaceCore.framework/Versions/A/FaceCore
0x000000000a58f000 	/System/Library/Frameworks/OpenCL.framework/Versions/A/OpenCL
0x000000000a58f000 	/System/Library/PrivateFrameworks/CrashReporterSupport.framework/Versions/A/CrashReporterSupport
0x000000000a58f000 	/System/Library/PrivateFrameworks/IconServices.framework/Versions/A/IconServices
0x000000000a58f000 	/System/Library/PrivateFrameworks/Apple80211.framework/Versions/A/Apple80211
0x000000000a58f000 	/System/Library/Frameworks/CoreWLAN.framework/Versions/A/CoreWLAN
0x000000000a58f000 	/System/Library/Frameworks/IOBluetooth.framework/Versions/A/IOBluetooth
0x000000000a58f000 	/System/Library/PrivateFrameworks/CoreWiFi.framework/Versions/A/CoreWiFi
0x000000000a58f000 	/System/Library/Frameworks/CoreBluetooth.framework/Versions/A/CoreBluetooth
0x000000000a58f000 	/System/Library/PrivateFrameworks/ChunkingLibrary.framework/Versions/A/ChunkingLibrary
0x000000000a58f000 	/System/Library/PrivateFrameworks/DebugSymbols.framework/Versions/A/DebugSymbols
0x000000000a58f000 	/System/Library/PrivateFrameworks/CoreSymbolication.framework/Versions/A/CoreSymbolication
0x000000000a58f000 	/System/Library/PrivateFrameworks/Symbolication.framework/Versions/A/Symbolication
0x000000000a58f000 	/System/Library/PrivateFrameworks/SpeechRecognitionCore.framework/Versions/A/SpeechRecognitionCore
0x0000000103000000 	/Library/Java/JavaVirtualMachines/jdk1.8.0_20.jdk/Contents/Home/jre/lib/server/libjvm.dylib
0x000000000a58f000 	/usr/lib/libstdc++.6.dylib
0x00000001027cb000 	/Library/Java/JavaVirtualMachines/jdk1.8.0_20.jdk/Contents/Home/jre/lib/libverify.dylib
0x0000000103f1b000 	/Library/Java/JavaVirtualMachines/jdk1.8.0_20.jdk/Contents/Home/jre/lib/libjava.dylib
0x00000001027e3000 	/Library/Java/JavaVirtualMachines/jdk1.8.0_20.jdk/Contents/Home/jre/lib/libzip.dylib
0x0000000117332000 	/System/Library/Frameworks/JavaVM.framework/Frameworks/JavaRuntimeSupport.framework/JavaRuntimeSupport
0x000000011734d000 	/System/Library/Frameworks/JavaVM.framework/Versions/A/Frameworks/JavaNativeFoundation.framework/Versions/A/JavaNativeFoundation
0x0000000117362000 	/System/Library/Frameworks/JavaVM.framework/Versions/A/JavaVM
0x000000000a58f000 	/System/Library/Frameworks/Carbon.framework/Versions/A/Carbon
0x000000011736f000 	/System/Library/PrivateFrameworks/JavaLaunching.framework/Versions/A/JavaLaunching
0x000000000a58f000 	/System/Library/Frameworks/Carbon.framework/Versions/A/Frameworks/CommonPanels.framework/Versions/A/CommonPanels
0x000000000a58f000 	/System/Library/Frameworks/Carbon.framework/Versions/A/Frameworks/Help.framework/Versions/A/Help
0x000000000a58f000 	/System/Library/Frameworks/Carbon.framework/Versions/A/Frameworks/ImageCapture.framework/Versions/A/ImageCapture
0x000000000a58f000 	/System/Library/Frameworks/Carbon.framework/Versions/A/Frameworks/OpenScripting.framework/Versions/A/OpenScripting
0x000000000a58f000 	/System/Library/Frameworks/Carbon.framework/Versions/A/Frameworks/Print.framework/Versions/A/Print
0x000000000a58f000 	/System/Library/Frameworks/Carbon.framework/Versions/A/Frameworks/SecurityHI.framework/Versions/A/SecurityHI
0x0000000118f33000 	/Library/Java/JavaVirtualMachines/jdk1.8.0_20.jdk/Contents/Home/jre/lib/libawt.dylib
0x0000000118fe2000 	/Library/Java/JavaVirtualMachines/jdk1.8.0_20.jdk/Contents/Home/jre/lib/./libmlib_image.dylib
0x00000001190ae000 	/Library/Java/JavaVirtualMachines/jdk1.8.0_20.jdk/Contents/Home/jre/lib/libawt_lwawt.dylib
0x0000000119161000 	/Library/Java/JavaVirtualMachines/jdk1.8.0_20.jdk/Contents/Home/jre/lib/./libosxapp.dylib
0x000000000a58f000 	/System/Library/Frameworks/ExceptionHandling.framework/Versions/A/ExceptionHandling
0x000000000a58f000 	/System/Library/PrivateFrameworks/CoreServicesInternal.framework/Versions/A/CoreServicesInternal
0x000000000a58f000 	/System/Library/Frameworks/CoreGraphics.framework/Versions/A/Resources/libRIP.A.dylib
0x000000000a58f000 	/System/Library/Frameworks/Accelerate.framework/Versions/A/Frameworks/vImage.framework/Versions/A/Libraries/libCGInterfaces.dylib
0x000000000a58f000 	/System/Library/Frameworks/CoreGraphics.framework/Versions/A/Resources/libCGXType.A.dylib
0x000000000a58f000 	/System/Library/Frameworks/OpenCL.framework/Versions/A/Libraries/libcldcpuengine.dylib
0x000000000a58f000 	/System/Library/PrivateFrameworks/DiskImages.framework/Versions/A/DiskImages
0x000000000a58f000 	/System/Library/Frameworks/DiscRecording.framework/Versions/A/DiscRecording
0x000000000a58f000 	/usr/lib/libcsfde.dylib
0x000000000a58f000 	/usr/lib/libcurl.4.dylib
0x000000000a58f000 	/System/Library/PrivateFrameworks/MediaKit.framework/Versions/A/MediaKit
0x000000000a58f000 	/System/Library/PrivateFrameworks/ProtectedCloudStorage.framework/Versions/A/ProtectedCloudStorage
0x000000000a58f000 	/usr/lib/libCoreStorage.dylib
0x000000000a58f000 	/System/Library/PrivateFrameworks/EFILogin.framework/Versions/A/EFILogin
0x000000000a58f000 	/usr/lib/libutil.dylib
0x000000000a58f000 	/System/Library/PrivateFrameworks/FindMyDevice.framework/Versions/A/FindMyDevice
0x000000000a58f000 	/System/Library/Frameworks/LDAP.framework/Versions/A/LDAP
0x000000000a58f000 	/usr/lib/libsasl2.2.dylib
0x000000000a58f000 	/System/Library/PrivateFrameworks/CoreDaemon.framework/Versions/B/CoreDaemon
0x000000000a58f000 	/usr/lib/libcrypto.0.9.8.dylib
0x000000000a58f000 	/System/Library/PrivateFrameworks/AppleSRP.framework/Versions/A/AppleSRP
0x000000000a58f000 	/System/Library/PrivateFrameworks/TrustEvaluationAgent.framework/Versions/A/TrustEvaluationAgent
0x000000011a850000 	cl_kernels
0x000000000a58f000 	/System/Library/Frameworks/OpenCL.framework/Versions/A/Libraries/ImageFormats/unorm8_bgra.dylib
0x000000000a58f000 	/System/Library/Frameworks/OpenCL.framework/Versions/A/Libraries/ImageFormats/unorm8_rgba.dylib
0x000000000a58f000 	/System/Library/PrivateFrameworks/FamilyControls.framework/Versions/A/FamilyControls
0x000000000a58f000 	/System/Library/PrivateFrameworks/CommerceKit.framework/Versions/A/Frameworks/CommerceCore.framework/Versions/A/CommerceCore
0x000000000a58f000 	/System/Library/PrivateFrameworks/SystemAdministration.framework/Versions/A/SystemAdministration
0x000000000a58f000 	/System/Library/PrivateFrameworks/AppContainer.framework/Versions/A/AppContainer
0x000000000a58f000 	/System/Library/PrivateFrameworks/SecCodeWrapper.framework/Versions/A/SecCodeWrapper
0x000000000a58f000 	/System/Library/Frameworks/DirectoryService.framework/Versions/A/DirectoryService
0x000000000a58f000 	/System/Library/PrivateFrameworks/LoginUIKit.framework/Versions/A/Frameworks/LoginUICore.framework/Versions/A/LoginUICore
0x000000000a58f000 	/usr/lib/libodfde.dylib
0x000000000a58f000 	/System/Library/Frameworks/OpenGL.framework/Versions/A/Resources/GLEngine.bundle/GLEngine
0x000000000a58f000 	/System/Library/Frameworks/OpenGL.framework/Versions/A/Libraries/libGLProgrammability.dylib
0x000000011b86a000 	/System/Library/Extensions/AppleIntelHD4000GraphicsGLDriver.bundle/Contents/MacOS/AppleIntelHD4000GraphicsGLDriver
0x000000000a58f000 	/System/Library/PrivateFrameworks/GPUSupport.framework/Versions/A/Libraries/libGPUSupportMercury.dylib
0x000000000a58f000 	/System/Library/Frameworks/OpenGL.framework/Versions/A/Resources/GLRendererFloat.bundle/GLRendererFloat
0x000000011c7b4000 	/Library/Java/JavaVirtualMachines/jdk1.8.0_20.jdk/Contents/Home/jre/lib/libfontmanager.dylib
0x000000011c81a000 	/Library/Java/JavaVirtualMachines/jdk1.8.0_20.jdk/Contents/Home/jre/lib/libosxui.dylib
0x000000011e73c000 	/Library/Java/JavaVirtualMachines/jdk1.8.0_20.jdk/Contents/Home/jre/lib/libnet.dylib
0x000000011e753000 	/Library/Java/JavaVirtualMachines/jdk1.8.0_20.jdk/Contents/Home/jre/lib/libnio.dylib
0x000000011f0c5000 	/System/Library/Extensions/AppleIntelHD4000GraphicsMTLDriver.bundle/Contents/MacOS/AppleIntelHD4000GraphicsMTLDriver
0x000000011f22e000 	/Library/Java/JavaVirtualMachines/jdk1.8.0_20.jdk/Contents/Home/jre/lib/libt2k.dylib
0x000000011fa3a000 	/Library/Java/JavaVirtualMachines/jdk1.8.0_20.jdk/Contents/Home/jre/lib/libdcpr.dylib

VM Arguments:
java_command: main.SIALKA
java_class_path (initial): /Users/muhamadhanifmuhsin/NetBeansProjects/SIALKA/target/classes:/Users/muhamadhanifmuhsin/.m2/repository/com/toedter/jcalendar/1.4/jcalendar-1.4.jar:/Users/muhamadhanifmuhsin/.m2/repository/org/hibernate/hibernate-core/5.0.1.Final/hibernate-core-5.0.1.Final.jar:/Users/muhamadhanifmuhsin/.m2/repository/org/jboss/logging/jboss-logging/3.3.0.Final/jboss-logging-3.3.0.Final.jar:/Users/muhamadhanifmuhsin/.m2/repository/org/apache/geronimo/specs/geronimo-jta_1.1_spec/1.1.1/geronimo-jta_1.1_spec-1.1.1.jar:/Users/muhamadhanifmuhsin/.m2/repository/org/hibernate/javax/persistence/hibernate-jpa-2.1-api/1.0.0.Final/hibernate-jpa-2.1-api-1.0.0.Final.jar:/Users/muhamadhanifmuhsin/.m2/repository/org/javassist/javassist/3.18.1-GA/javassist-3.18.1-GA.jar:/Users/muhamadhanifmuhsin/.m2/repository/antlr/antlr/2.7.7/antlr-2.7.7.jar:/Users/muhamadhanifmuhsin/.m2/repository/org/jboss/jandex/1.2.2.Final/jandex-1.2.2.Final.jar:/Users/muhamadhanifmuhsin/.m2/repository/dom4j/dom4j/1.6.1/dom4j-1.6.1.jar:/Users/muhamadhanifmuhsin/.m2/repository/org/hibernate/common/hibernate-commons-annotations/5.0.0.Final/hibernate-commons-annotations-5.0.0.Final.jar:/Users/muhamadhanifmuhsin/.m2/repository/mysql/mysql-connector-java/5.1.18/mysql-connector-java-5.1.18.jar:/Users/muhamadhanifmuhsin/.m2/repository/net/sf/jasperreports/jasperreports/6.2.0/jasperreports-6.2.0.jar:/Users/muhamadhanifmuhsin/.m2/repository/commons-beanutils/commons-beanutils/1.9.0/commons-beanutils-1.9.0.jar:/Users/muhamadhanifmuhsin/.m2/repository/commons-collections/commons-collections/3.2.1/commons-collections-3.2.1.jar:/Users/muhamadhanifmuhsin/.m2/repository/commons-digester/commons-digester/2.1/commons-digester-2.1.jar:/Users/muhamadhanifmuhsin/.m2/repository/commons-logging/commons-logging/1.1.1/commons-logging-1.1.1.jar:/Users/muhamadhanifmuhsin/.m2/repository/com/lowagie/itext/2.1.7.js4/itext-2.1.7.js4.jar:/Users/muhamadhanifmuhsin/.m2/repository/bouncycastle/bcmail-jdk14/138/bcmail-jdk14-138.ja
Launcher Type: SUN_STANDARD

Environment Variables:
JAVA_HOME=/Library/Java/JavaVirtualMachines/jdk1.8.0_20.jdk/Contents/Home
PATH=/usr/bin:/bin:/usr/sbin:/sbin
SHELL=/bin/bash
DISPLAY=/private/tmp/com.apple.launchd.ozU6CqY20Q/org.macosforge.xquartz:0

Signal Handlers:
SIGSEGV: [libjvm.dylib+0x578fd7], sa_mask[0]=11111111011111110111111111111111, sa_flags=SA_ONSTACK|SA_RESTART|SA_SIGINFO
SIGBUS: [libjvm.dylib+0x578fd7], sa_mask[0]=11111111011111110111111111111111, sa_flags=SA_RESTART|SA_SIGINFO
SIGFPE: [libjvm.dylib+0x45ab0c], sa_mask[0]=11111111011111110111111111111111, sa_flags=SA_RESTART|SA_SIGINFO
SIGPIPE: [libjvm.dylib+0x45ab0c], sa_mask[0]=11111111011111110111111111111111, sa_flags=SA_RESTART|SA_SIGINFO
SIGXFSZ: [libjvm.dylib+0x45ab0c], sa_mask[0]=11111111011111110111111111111111, sa_flags=SA_RESTART|SA_SIGINFO
SIGILL: [libjvm.dylib+0x45ab0c], sa_mask[0]=11111111011111110111111111111111, sa_flags=SA_RESTART|SA_SIGINFO
SIGUSR1: SIG_DFL, sa_mask[0]=00000000000000000000000000000000, sa_flags=none
SIGUSR2: [libjvm.dylib+0x45a62a], sa_mask[0]=00100000000000000000000000000000, sa_flags=SA_RESTART|SA_SIGINFO
SIGHUP: [libjvm.dylib+0x458bfd], sa_mask[0]=11111111011111110111111111111111, sa_flags=SA_RESTART|SA_SIGINFO
SIGINT: SIG_IGN, sa_mask[0]=00000000000000000000000000000000, sa_flags=none
SIGTERM: [libjvm.dylib+0x458bfd], sa_mask[0]=11111111011111110111111111111111, sa_flags=SA_RESTART|SA_SIGINFO
SIGQUIT: [libjvm.dylib+0x458bfd], sa_mask[0]=11111111011111110111111111111111, sa_flags=SA_RESTART|SA_SIGINFO


---------------  S Y S T E M  ---------------

OS:Bsduname:Darwin 15.2.0 Darwin Kernel Version 15.2.0: Fri Nov 13 19:56:56 PST 2015; root:xnu-3248.20.55~2/RELEASE_X86_64 x86_64
rlimit: STACK 8192k, CORE 0k, NPROC 709, NOFILE 10240, AS infinity
load average:1.76 1.83 1.63

CPU:total 4 (2 cores per cpu, 2 threads per core) family 6 model 58 stepping 9, cmov, cx8, fxsr, mmx, sse, sse2, sse3, ssse3, sse4.1, sse4.2, popcnt, avx, aes, clmul, erms, ht, tsc, tscinvbit, tscinv

Memory: 4k page, physical 4194304k(119220k free)

/proc/meminfo:


vm_info: Java HotSpot(TM) 64-Bit Server VM (25.20-b23) for bsd-amd64 JRE (1.8.0_20-b26), built on Jul 30 2014 13:37:47 by "java_re" with gcc 4.2.1 (Based on Apple Inc. build 5658) (LLVM build 2336.9.00)

time: Wed Feb 10 11:19:27 2016
elapsed time: 1733 seconds (0d 0h 28m 53s)

